[debug] [2019-10-20T21:44:25.210Z] ----------------------------------------------------------------------
[debug] [2019-10-20T21:44:25.215Z] Command:       C:\Program Files\nodejs\node.exe C:\Program Files\nodejs\node_modules\firebase-tools\lib\bin\firebase.js init
[debug] [2019-10-20T21:44:25.215Z] CLI Version:   7.6.1
[debug] [2019-10-20T21:44:25.215Z] Platform:      win32
[debug] [2019-10-20T21:44:25.215Z] Node Version:  v11.13.0
[debug] [2019-10-20T21:44:25.216Z] Time:          Mon Oct 21 2019 00:44:25 GMT+0300 (GMT+03:00)
[debug] [2019-10-20T21:44:25.216Z] ----------------------------------------------------------------------
[debug] [2019-10-20T21:44:25.216Z] 
[debug] [2019-10-20T21:44:25.223Z] > command requires scopes: ["email","openid","https://www.googleapis.com/auth/cloudplatformprojects.readonly","https://www.googleapis.com/auth/firebase","https://www.googleapis.com/auth/cloud-platform"]
[debug] [2019-10-20T21:44:25.224Z] > authorizing via signed-in user
[info] 
     ######## #### ########  ######## ########     ###     ######  ########
     ##        ##  ##     ## ##       ##     ##  ##   ##  ##       ##
     ######    ##  ########  ######   ########  #########  ######  ######
     ##        ##  ##    ##  ##       ##     ## ##     ##       ## ##
     ##       #### ##     ## ######## ########  ##     ##  ######  ########

You're about to initialize a Firebase project in this directory:

  D:\develop\practice\MD3\project\radzevich-angular-grodno-guide\grodno-guide

[info] 
=== Project Setup
[info] 
[info] First, let's associate this project directory with a Firebase project.
[info] You can create multiple project aliases by running firebase use --add, 
[info] but for now we'll just set up a default project.
[info] 
[debug] [2019-10-20T21:46:24.061Z] >>> HTTP REQUEST GET https://firebase.googleapis.com/v1beta1/projects?pageSize=100  
 
[debug] [2019-10-20T21:46:24.717Z] <<< HTTP RESPONSE 200
[info] i  Using project log-radzevich (log-radzevich)
[info] 
=== Database Setup
[info] 
[info] Firebase Realtime Database Rules allow you to define how your data should be
[info] structured and when your data can be read from and written to.
[info] 
[debug] [2019-10-20T21:46:33.788Z] >>> HTTP REQUEST GET https://log-radzevich.firebaseio.com/.settings/rules.json  
 
[debug] [2019-10-20T21:46:34.506Z] <<< HTTP RESPONSE 200
[info] +  Database Rules for log-radzevich have been downloaded to database.rules.json.
[info] Future modifications to database.rules.json will update Database Rules when you run
[info] firebase deploy.
[info] 
=== Hosting Setup
[info] 
[info] Your public directory is the folder (relative to your project directory) that
[info] will contain Hosting assets to be uploaded with firebase deploy. If you
[info] have a build process for your assets, use your build's output directory.
[info] 
